<?xml version="1.0" encoding="UTF-8"?>
<!-- Generated by org.testng.reporters.JUnitXMLReporter -->
<testsuite ignored="2" hostname="DESKTOP-17S0OF8" failures="0" tests="2" name="Default test" time="0.168" errors="0" timestamp="2022-10-16T10:34:41 IST">
  <testcase classname="com.testng.TestNg_Priority" name="abhi" time="0.03"/>
  <testcase classname="com.testng.TestNg_Priority" name="sridhar" time="0.01"/>
  <testcase classname="com.testng.TestNg_Priority" name="bala" time="0.0">
    <ignored/>
  </testcase> <!-- bala -->
  <testcase classname="com.testng.TestNg_Priority" name="ethiraj" time="0.0">
    <ignored/>
  </testcase> <!-- ethiraj -->
</testsuite> <!-- Default test -->
