<?xml version="1.0" encoding="UTF-8"?>
<!-- Generated by org.testng.reporters.JUnitXMLReporter -->
<testsuite ignored="3" hostname="DESKTOP-17S0OF8" failures="0" tests="1" name="Test" time="0.16" errors="0" timestamp="2022-10-16T10:44:28 IST">
  <testcase classname="com.testng.TestNg_Priority" name="abhi" time="0.036"/>
  <testcase classname="com.testng.TestNg_Priority" name="sridhar" time="0.0">
    <ignored/>
  </testcase> <!-- sridhar -->
  <testcase classname="com.testng.TestNg_Priority" name="bala" time="0.0">
    <ignored/>
  </testcase> <!-- bala -->
  <testcase classname="com.testng.TestNg_Priority" name="ethiraj" time="0.0">
    <ignored/>
  </testcase> <!-- ethiraj -->
</testsuite> <!-- Test -->
