<?xml version="1.0" encoding="UTF-8"?>
<testng-results ignored="3" total="4" passed="1" failed="0" skipped="0">
  <reporter-output>
  </reporter-output>
  <suite started-at="2022-10-16T10:44:27 IST" name="Suite" finished-at="2022-10-16T10:44:27 IST" duration-ms="160">
    <groups>
    </groups>
    <test started-at="2022-10-16T10:44:27 IST" name="Test" finished-at="2022-10-16T10:44:27 IST" duration-ms="160">
      <class name="com.testng.TestNg_Priority">
        <test-method signature="abhi()[pri:0, instance:com.testng.TestNg_Priority@69fb6037]" started-at="2022-10-16T10:44:27 IST" name="abhi" finished-at="2022-10-16T10:44:27 IST" duration-ms="36" status="PASS">
          <reporter-output>
          </reporter-output>
        </test-method> <!-- abhi -->
      </class> <!-- com.testng.TestNg_Priority -->
    </test> <!-- Test -->
  </suite> <!-- Suite -->
</testng-results>
